{"level":"info","message":"Connected to database....","timestamp":"2019-06-06T03:51:31.220Z"}
{"level":"info","message":"Connected to database....","timestamp":"2019-06-06T03:52:41.296Z"}
{"level":"info","message":"Connected to database....","timestamp":"2019-06-06T03:53:34.852Z"}
{"level":"info","message":"Connected to database....","timestamp":"2019-06-06T03:53:56.268Z"}
{"level":"info","message":"Connected to database....","timestamp":"2019-06-06T03:55:20.683Z"}
{"level":"info","message":"Connected to database....","timestamp":"2019-06-06T03:55:45.698Z"}
{"level":"info","message":"Connected to database....","timestamp":"2019-06-06T03:56:29.487Z"}
{"level":"info","message":"Connected to database....","timestamp":"2019-06-06T03:57:46.097Z"}
{"level":"info","message":"Connected to database....","timestamp":"2019-06-06T03:58:23.440Z"}
{"level":"info","message":"Connected to database....","timestamp":"2019-06-06T03:58:40.923Z"}
{"level":"info","message":"Connected to database....","timestamp":"2019-06-06T03:59:20.816Z"}
{"level":"info","message":"Connected to database....","timestamp":"2019-06-06T03:59:25.984Z"}
{"level":"info","message":"Connected to database....","timestamp":"2019-06-06T03:59:37.741Z"}
{"level":"info","message":"Connected to database....","timestamp":"2019-06-06T04:00:06.806Z"}
{"level":"info","message":"Connected to database....","timestamp":"2019-06-06T04:00:47.021Z"}
{"level":"info","message":"Connected to database....","timestamp":"2019-06-06T04:02:13.743Z"}
{"level":"info","message":"Connected to database....","timestamp":"2019-06-06T04:02:26.875Z"}
{"level":"info","message":"Connected to database....","timestamp":"2019-06-06T04:03:18.982Z"}
{"level":"info","message":"Connected to database....","timestamp":"2019-06-06T04:03:26.163Z"}
{"level":"info","message":"Connected to database....","timestamp":"2019-06-06T04:03:31.695Z"}
{"level":"info","message":"Connected to database....","timestamp":"2019-06-06T04:07:31.114Z"}
{"level":"info","message":"Connected to database....","timestamp":"2019-06-06T04:10:39.097Z"}
{"level":"info","message":"Connected to database....","timestamp":"2019-06-06T04:11:00.141Z"}
{"level":"info","message":"Listenning 3000 port ...","timestamp":"2019-06-14T02:31:31.983Z"}
{"level":"info","message":"Connected to database....","timestamp":"2019-06-14T02:31:32.042Z"}
{"level":"info","message":"Listenning 3000 port ...","timestamp":"2019-06-14T02:33:49.542Z"}
{"level":"info","message":"Connected to database....","timestamp":"2019-06-14T02:33:49.598Z"}
{"level":"info","message":"Listenning 3000 port ...","timestamp":"2019-06-14T02:34:47.817Z"}
{"level":"info","message":"Connected to database....","timestamp":"2019-06-14T02:34:47.880Z"}
{"level":"info","message":"Listenning 3000 port ...","timestamp":"2019-06-14T02:35:07.369Z"}
{"level":"info","message":"Connected to database....","timestamp":"2019-06-14T02:35:07.423Z"}
{"level":"info","message":"Listenning 3000 port ...","timestamp":"2019-06-14T02:35:36.337Z"}
{"level":"info","message":"Connected to database....","timestamp":"2019-06-14T02:35:36.500Z"}
{"level":"info","message":"Listenning 3000 port ...","timestamp":"2019-06-14T02:36:15.939Z"}
{"level":"info","message":"Connected to database....","timestamp":"2019-06-14T02:36:15.995Z"}
{"level":"info","message":"Listenning 3000 port ...","timestamp":"2019-06-14T02:36:44.725Z"}
{"level":"info","message":"Connected to mongodb://localhost/vidly-backend....","timestamp":"2019-06-14T02:36:44.787Z"}
{"level":"info","message":"Listenning 3000 port ...","timestamp":"2019-06-14T02:37:15.726Z"}
{"level":"info","message":"Connected to mongodb://localhost/vidly-backend....","timestamp":"2019-06-14T02:37:15.785Z"}
{"level":"info","message":"Listenning 3000 port ...","timestamp":"2019-06-14T02:37:23.959Z"}
{"level":"info","message":"Connected to mongodb://localhost/vidly-backend....","timestamp":"2019-06-14T02:37:24.016Z"}
{"level":"info","message":"Listenning 3000 port ...","timestamp":"2019-06-14T02:39:23.279Z"}
{"level":"info","message":"Connected to mongodb://localhost/vidly-backend_test....","timestamp":"2019-06-14T02:39:23.359Z"}
{"level":"info","message":"Listenning 3000 port ...","timestamp":"2019-06-14T02:46:55.765Z"}
{"level":"info","message":"Connected to mongodb://localhost/vidly-backend_test....","timestamp":"2019-06-14T02:46:55.812Z"}
{"level":"info","message":"Listenning 3000 port ...","timestamp":"2019-06-14T02:56:41.274Z"}
{"level":"info","message":"Connected to mongodb://localhost/vidly-backend_test....","timestamp":"2019-06-14T02:56:41.313Z"}
{"level":"info","message":"Listenning 3000 port ...","timestamp":"2019-06-14T02:56:57.234Z"}
{"level":"info","message":"Connected to mongodb://localhost/vidly-backend_test....","timestamp":"2019-06-14T02:56:57.283Z"}
{"level":"info","message":"Listenning 3000 port ...","timestamp":"2019-06-14T02:57:05.586Z"}
{"level":"info","message":"Connected to mongodb://localhost/vidly-backend_test....","timestamp":"2019-06-14T02:57:05.626Z"}
{"level":"info","message":"Listenning 3000 port ...","timestamp":"2019-06-14T02:58:00.706Z"}
{"level":"info","message":"Connected to mongodb://localhost/vidly-backend_test....","timestamp":"2019-06-14T02:58:00.753Z"}
{"level":"info","message":"Listenning 3000 port ...","timestamp":"2019-06-14T02:58:12.959Z"}
{"level":"info","message":"Connected to mongodb://localhost/vidly-backend_test....","timestamp":"2019-06-14T02:58:12.992Z"}
{"level":"info","message":"Listenning 3000 port ...","timestamp":"2019-06-14T02:59:08.047Z"}
{"level":"info","message":"Connected to mongodb://localhost/vidly-backend_test....","timestamp":"2019-06-14T02:59:08.082Z"}
{"level":"info","message":"Listenning 3000 port ...","timestamp":"2019-06-14T03:02:05.308Z"}
{"level":"info","message":"Connected to mongodb://localhost/vidly-backend_test....","timestamp":"2019-06-14T03:02:05.335Z"}
{"level":"info","message":"Listenning 3000 port ...","timestamp":"2019-06-14T03:02:56.309Z"}
{"level":"info","message":"Connected to mongodb://localhost/vidly-backend_test....","timestamp":"2019-06-14T03:02:56.335Z"}
{"level":"info","message":"Listenning 3000 port ...","timestamp":"2019-06-14T03:04:30.932Z"}
{"level":"info","message":"Connected to mongodb://localhost/vidly-backend_test....","timestamp":"2019-06-14T03:04:30.959Z"}
{"level":"info","message":"Listenning 3000 port ...","timestamp":"2019-06-14T03:05:22.296Z"}
{"level":"info","message":"Connected to mongodb://localhost/vidly-backend_test....","timestamp":"2019-06-14T03:05:22.325Z"}
{"level":"info","message":"Listenning 3000 port ...","timestamp":"2019-06-14T03:10:37.160Z"}
{"level":"info","message":"Connected to mongodb://localhost/vidly-backend_test....","timestamp":"2019-06-14T03:10:37.188Z"}
{"level":"info","message":"Listenning 3000 port ...","timestamp":"2019-06-14T03:17:12.359Z"}
{"level":"info","message":"Connected to mongodb://localhost/vidly-backend_test....","timestamp":"2019-06-14T03:17:12.387Z"}
{"level":"info","message":"Listenning 3000 port ...","timestamp":"2019-06-14T03:17:41.555Z"}
{"level":"info","message":"Connected to mongodb://localhost/vidly-backend_test....","timestamp":"2019-06-14T03:17:41.582Z"}
{"level":"info","message":"Listenning 3000 port ...","timestamp":"2019-06-14T03:18:17.878Z"}
{"level":"info","message":"Connected to mongodb://localhost/vidly-backend_test....","timestamp":"2019-06-14T03:18:17.911Z"}
{"level":"info","message":"Listenning 3000 port ...","timestamp":"2019-06-14T03:18:29.088Z"}
{"level":"info","message":"Connected to mongodb://localhost/vidly-backend_test....","timestamp":"2019-06-14T03:18:29.119Z"}
{"level":"info","message":"Listenning 3000 port ...","timestamp":"2019-06-14T03:19:06.002Z"}
{"level":"info","message":"Connected to mongodb://localhost/vidly-backend_test....","timestamp":"2019-06-14T03:19:06.031Z"}
{"level":"info","message":"Listenning 3000 port ...","timestamp":"2019-06-14T03:20:13.879Z"}
{"level":"info","message":"Connected to mongodb://localhost/vidly-backend_test....","timestamp":"2019-06-14T03:20:13.911Z"}
{"level":"info","message":"Listenning 3000 port ...","timestamp":"2019-06-14T03:20:40.007Z"}
{"level":"info","message":"Connected to mongodb://localhost/vidly-backend_test....","timestamp":"2019-06-14T03:20:40.037Z"}
{"level":"info","message":"Listenning 3000 port ...","timestamp":"2019-06-14T03:22:56.181Z"}
{"level":"info","message":"Connected to mongodb://localhost/vidly-backend_test....","timestamp":"2019-06-14T03:22:56.217Z"}
{"level":"error","message":"Cast to ObjectId failed for value \"1\" at path \"_id\" for model \"Genre\"","timestamp":"2019-06-14T03:22:56.326Z"}
{"level":"info","message":"Listenning 3000 port ...","timestamp":"2019-06-14T03:27:46.062Z"}
{"level":"info","message":"Connected to mongodb://localhost/vidly-backend_test....","timestamp":"2019-06-14T03:27:46.090Z"}
{"level":"info","message":"Listenning 3000 port ...","timestamp":"2019-06-14T03:29:35.003Z"}
{"level":"info","message":"Connected to mongodb://localhost/vidly-backend_test....","timestamp":"2019-06-14T03:29:35.031Z"}
{"level":"info","message":"Listenning 3000 port ...","timestamp":"2019-06-14T03:29:50.754Z"}
{"level":"info","message":"Connected to mongodb://localhost/vidly-backend_test....","timestamp":"2019-06-14T03:29:50.785Z"}
{"level":"info","message":"Listenning 3000 port ...","timestamp":"2019-06-14T03:32:37.423Z"}
{"level":"info","message":"Connected to mongodb://localhost/vidly-backend_test....","timestamp":"2019-06-14T03:32:37.486Z"}
{"level":"info","message":"Listenning 3000 port ...","timestamp":"2019-06-14T03:33:01.433Z"}
{"level":"info","message":"Connected to mongodb://localhost/vidly-backend_test....","timestamp":"2019-06-14T03:33:01.464Z"}
{"level":"info","message":"Listenning 3000 port ...","timestamp":"2019-06-14T03:33:23.823Z"}
{"level":"info","message":"Connected to mongodb://localhost/vidly-backend_test....","timestamp":"2019-06-14T03:33:23.879Z"}
{"level":"info","message":"Listenning 3000 port ...","timestamp":"2019-06-14T03:33:52.800Z"}
{"level":"info","message":"Connected to mongodb://localhost/vidly-backend_test....","timestamp":"2019-06-14T03:33:52.858Z"}
{"level":"error","message":"Cast to ObjectId failed for value \"1\" at path \"_id\" for model \"Genre\"","timestamp":"2019-06-14T03:33:53.055Z"}
{"level":"info","message":"Listenning 3000 port ...","timestamp":"2019-06-14T03:34:08.266Z"}
{"level":"info","message":"Connected to mongodb://localhost/vidly-backend_test....","timestamp":"2019-06-14T03:34:08.298Z"}
{"level":"error","message":"Cast to ObjectId failed for value \"1\" at path \"_id\" for model \"Genre\"","timestamp":"2019-06-14T03:34:08.379Z"}
{"level":"info","message":"Listenning 3000 port ...","timestamp":"2019-06-14T03:34:50.909Z"}
{"level":"info","message":"Connected to mongodb://localhost/vidly-backend_test....","timestamp":"2019-06-14T03:34:50.936Z"}
{"level":"info","message":"Listenning 3000 port ...","timestamp":"2019-06-14T03:40:01.693Z"}
{"level":"info","message":"Connected to mongodb://localhost/vidly-backend_test....","timestamp":"2019-06-14T03:40:01.729Z"}
{"level":"info","message":"Listenning 3000 port ...","timestamp":"2019-06-14T03:40:36.823Z"}
{"level":"info","message":"Connected to mongodb://localhost/vidly-backend_test....","timestamp":"2019-06-14T03:40:36.850Z"}
{"level":"info","message":"Listenning 3000 port ...","timestamp":"2019-06-14T03:40:45.397Z"}
{"level":"info","message":"Connected to mongodb://localhost/vidly-backend_test....","timestamp":"2019-06-14T03:40:45.426Z"}
{"level":"info","message":"Listenning 3000 port ...","timestamp":"2019-06-14T03:42:10.317Z"}
{"level":"info","message":"Connected to mongodb://localhost/vidly-backend_test....","timestamp":"2019-06-14T03:42:10.369Z"}
{"level":"info","message":"Listenning 3000 port ...","timestamp":"2019-06-14T03:43:58.284Z"}
{"level":"info","message":"Connected to mongodb://localhost/vidly-backend_test....","timestamp":"2019-06-14T03:43:58.316Z"}
{"level":"info","message":"Listenning 3000 port ...","timestamp":"2019-06-14T03:46:18.924Z"}
{"level":"info","message":"Connected to mongodb://localhost/vidly-backend_test....","timestamp":"2019-06-14T03:46:18.956Z"}
{"level":"info","message":"Listenning 3000 port ...","timestamp":"2019-06-14T03:46:23.884Z"}
{"level":"info","message":"Connected to mongodb://localhost/vidly-backend_test....","timestamp":"2019-06-14T03:46:23.921Z"}
{"level":"error","message":"Genre validation failed: name: Path `name` (`1234`) is shorter than the minimum allowed length (5).","timestamp":"2019-06-14T03:46:24.038Z"}
{"level":"info","message":"Listenning 3000 port ...","timestamp":"2019-06-14T03:46:35.091Z"}
{"level":"info","message":"Connected to mongodb://localhost/vidly-backend_test....","timestamp":"2019-06-14T03:46:35.131Z"}
{"level":"error","message":"Genre validation failed: name: Path `name` (`1234`) is shorter than the minimum allowed length (5).","timestamp":"2019-06-14T03:46:35.252Z"}
{"level":"info","message":"Listenning 3000 port ...","timestamp":"2019-06-14T03:47:58.247Z"}
{"level":"info","message":"Connected to mongodb://localhost/vidly-backend_test....","timestamp":"2019-06-14T03:47:58.280Z"}
{"level":"info","message":"Listenning 3000 port ...","timestamp":"2019-06-14T03:48:49.917Z"}
{"level":"info","message":"Connected to mongodb://localhost/vidly-backend_test....","timestamp":"2019-06-14T03:48:49.966Z"}
{"level":"info","message":"Listenning 3000 port ...","timestamp":"2019-06-14T03:49:17.853Z"}
{"level":"info","message":"Connected to mongodb://localhost/vidly-backend_test....","timestamp":"2019-06-14T03:49:17.888Z"}
{"level":"info","message":"Listenning 3000 port ...","timestamp":"2019-06-14T03:49:39.111Z"}
{"level":"info","message":"Connected to mongodb://localhost/vidly-backend_test....","timestamp":"2019-06-14T03:49:39.139Z"}
{"level":"info","message":"Listenning 3000 port ...","timestamp":"2019-06-14T03:50:51.516Z"}
{"level":"info","message":"Connected to mongodb://localhost/vidly-backend_test....","timestamp":"2019-06-14T03:50:51.549Z"}
